2026-04-29 09:04:01,843 [INFO] Loaded 0 sender accounts.
2026-04-29 09:04:01,843 [CRITICAL] No sender accounts found! Check your GitHub Secrets (EMAIL_USER, EMAIL_PASS).
2026-04-29 09:11:18,876 [INFO] Loaded 0 sender accounts.
2026-04-29 09:11:18,877 [CRITICAL] No sender accounts found! Check your GitHub Secrets (EMAIL_USER, EMAIL_PASS).
2026-04-29 11:40:21,842 [INFO] Loaded 1 sender accounts.
2026-04-29 11:40:21,842 [INFO] Daily progress: 0/1000 emails sent today.
2026-04-29 11:40:21,842 [INFO] Queue: Found 2 new emails starting from index 0.
2026-04-29 11:40:21,842 [INFO] Sending HTML email to gouravbarua174@gmail.com using info@sociotechservices.com

 (1/1000)...
2026-04-29 11:40:52,987 [INFO] Sending HTML email to shivamssing35@gmail.com using info@sociotechservices.com

 (2/1000)...
2026-04-29 14:04:35,888 [INFO] Loaded 1 sender accounts.
2026-04-29 14:04:35,888 [INFO] No new emails to send.
2026-04-29 16:43:10,726 [INFO] Loaded 1 sender accounts.
2026-04-29 16:43:10,727 [INFO] No new emails to send.
2026-04-29 18:13:29,770 [INFO] Loaded 1 sender accounts.
2026-04-29 18:13:29,771 [INFO] No new emails to send.
2026-04-29 20:11:53,669 [INFO] Loaded 1 sender accounts.
2026-04-29 20:11:53,669 [INFO] No new emails to send.
2026-04-29 22:01:17,179 [INFO] Loaded 1 sender accounts.
2026-04-29 22:01:17,180 [INFO] No new emails to send.
2026-04-29 23:56:57,580 [INFO] Loaded 1 sender accounts.
2026-04-29 23:56:57,581 [INFO] No new emails to send.
2026-04-30 03:51:29,570 [INFO] Loaded 1 sender accounts.
2026-04-30 03:51:29,571 [INFO] No new emails to send.
2026-04-30 06:30:07,338 [INFO] Loaded 1 sender accounts.
2026-04-30 06:30:07,339 [INFO] No new emails to send.
2026-04-30 09:14:09,144 [INFO] Loaded 1 sender accounts.
2026-04-30 09:14:09,144 [INFO] No new emails to send.
2026-04-30 11:39:33,673 [INFO] Loaded 1 sender accounts.
2026-04-30 11:39:33,673 [INFO] No new emails to send.
2026-04-30 14:03:09,810 [INFO] Loaded 1 sender accounts.
2026-04-30 14:03:09,810 [INFO] No new emails to send.
2026-04-30 16:22:27,967 [INFO] Loaded 1 sender accounts.
2026-04-30 16:22:27,968 [INFO] No new emails to send.
2026-04-30 18:11:46,667 [INFO] Loaded 1 sender accounts.
2026-04-30 18:11:46,667 [INFO] No new emails to send.
2026-04-30 20:10:23,886 [INFO] Loaded 1 sender accounts.
2026-04-30 20:10:23,887 [INFO] No new emails to send.
2026-04-30 21:58:20,062 [INFO] Loaded 1 sender accounts.
2026-04-30 21:58:20,062 [INFO] No new emails to send.
2026-04-30 23:01:33,054 [INFO] Loaded 1 sender accounts.
2026-04-30 23:01:33,054 [INFO] No new emails to send.
2026-05-01 03:39:26,868 [INFO] Loaded 1 sender accounts.
2026-05-01 03:39:26,868 [INFO] No new emails to send.
2026-05-01 06:38:56,953 [INFO] Loaded 1 sender accounts.
2026-05-01 06:38:56,953 [INFO] No new emails to send.
2026-05-01 09:02:58,882 [INFO] Loaded 1 sender accounts.
2026-05-01 09:02:58,882 [INFO] No new emails to send.
2026-05-01 11:09:21,867 [INFO] Loaded 1 sender accounts.
2026-05-01 11:09:21,867 [INFO] No new emails to send.
2026-05-01 13:24:24,160 [INFO] Loaded 1 sender accounts.
2026-05-01 13:24:24,161 [INFO] No new emails to send.
2026-05-01 14:58:40,234 [INFO] Loaded 1 sender accounts.
2026-05-01 14:58:40,234 [INFO] No new emails to send.
2026-05-01 16:03:16,166 [INFO] Loaded 1 sender accounts.
2026-05-01 16:03:16,166 [INFO] No new emails to send.
2026-05-01 18:00:34,354 [INFO] Loaded 1 sender accounts.
2026-05-01 18:00:34,354 [INFO] No new emails to send.
2026-05-01 20:05:51,277 [INFO] Loaded 1 sender accounts.
2026-05-01 20:05:51,277 [INFO] No new emails to send.
2026-05-01 21:55:26,317 [INFO] Loaded 1 sender accounts.
2026-05-01 21:55:26,317 [INFO] No new emails to send.
2026-05-01 22:53:32,761 [INFO] Loaded 1 sender accounts.
2026-05-01 22:53:32,761 [INFO] No new emails to send.
2026-05-01 23:54:44,221 [INFO] Loaded 1 sender accounts.
2026-05-01 23:54:44,221 [INFO] No new emails to send.
2026-05-02 02:55:29,226 [INFO] Loaded 1 sender accounts.
2026-05-02 02:55:29,226 [INFO] No new emails to send.
2026-05-02 05:40:37,345 [INFO] Loaded 1 sender accounts.
2026-05-02 05:40:37,345 [INFO] No new emails to send.
2026-05-02 07:49:04,759 [INFO] Loaded 1 sender accounts.
2026-05-02 07:49:04,759 [INFO] No new emails to send.
2026-05-02 09:10:31,185 [INFO] Loaded 1 sender accounts.
2026-05-02 09:10:31,185 [INFO] No new emails to send.
2026-05-02 10:55:16,151 [INFO] Loaded 1 sender accounts.
2026-05-02 10:55:16,151 [INFO] No new emails to send.
2026-05-02 11:49:06,687 [INFO] Loaded 1 sender accounts.
2026-05-02 11:49:06,687 [INFO] No new emails to send.
2026-05-02 13:18:21,301 [INFO] Loaded 1 sender accounts.
2026-05-02 13:18:21,301 [INFO] No new emails to send.
2026-05-02 14:51:39,044 [INFO] Loaded 1 sender accounts.
2026-05-02 14:51:39,044 [INFO] No new emails to send.
2026-05-02 15:51:02,315 [INFO] Loaded 1 sender accounts.
2026-05-02 15:51:02,315 [INFO] No new emails to send.
2026-05-02 16:53:14,171 [INFO] Loaded 1 sender accounts.
2026-05-02 16:53:14,171 [INFO] No new emails to send.
2026-05-02 17:47:21,164 [INFO] Loaded 1 sender accounts.
2026-05-02 17:47:21,165 [INFO] No new emails to send.
2026-05-02 19:04:06,478 [INFO] Loaded 1 sender accounts.
2026-05-02 19:04:06,478 [INFO] No new emails to send.
2026-05-02 20:45:55,725 [INFO] Loaded 1 sender accounts.
2026-05-02 20:45:55,725 [INFO] No new emails to send.
2026-05-02 21:44:23,243 [INFO] Loaded 1 sender accounts.
2026-05-02 21:44:23,243 [INFO] No new emails to send.
2026-05-02 22:46:11,285 [INFO] Loaded 1 sender accounts.
2026-05-02 22:46:11,286 [INFO] No new emails to send.
2026-05-02 23:49:38,733 [INFO] Loaded 1 sender accounts.
2026-05-02 23:49:38,733 [INFO] No new emails to send.
2026-05-03 03:31:55,542 [INFO] Loaded 1 sender accounts.
2026-05-03 03:31:55,542 [INFO] No new emails to send.
2026-05-03 06:28:20,964 [INFO] Loaded 1 sender accounts.
2026-05-03 06:28:20,965 [INFO] No new emails to send.
2026-05-03 08:48:30,536 [INFO] Loaded 1 sender accounts.
2026-05-03 08:48:30,536 [INFO] No new emails to send.
2026-05-03 10:07:50,482 [INFO] Loaded 1 sender accounts.
2026-05-03 10:07:50,483 [INFO] No new emails to send.
2026-05-03 11:45:40,162 [INFO] Loaded 1 sender accounts.
2026-05-03 11:45:40,162 [INFO] No new emails to send.
2026-05-03 13:17:18,813 [INFO] Loaded 1 sender accounts.
2026-05-03 13:17:18,813 [INFO] No new emails to send.
2026-05-03 14:52:06,203 [INFO] Loaded 1 sender accounts.
2026-05-03 14:52:06,203 [INFO] No new emails to send.
2026-05-03 15:51:29,514 [INFO] Loaded 1 sender accounts.
2026-05-03 15:51:29,514 [INFO] No new emails to send.
2026-05-03 16:55:10,750 [INFO] Loaded 1 sender accounts.
2026-05-03 16:55:10,751 [INFO] No new emails to send.
2026-05-03 17:50:16,479 [INFO] Loaded 1 sender accounts.
2026-05-03 17:50:16,480 [INFO] No new emails to send.
2026-05-03 19:04:14,942 [INFO] Loaded 1 sender accounts.
2026-05-03 19:04:14,942 [INFO] No new emails to send.
2026-05-03 20:49:18,672 [INFO] Loaded 1 sender accounts.
2026-05-03 20:49:18,672 [INFO] No new emails to send.
2026-05-03 21:45:55,115 [INFO] Loaded 1 sender accounts.
2026-05-03 21:45:55,116 [INFO] No new emails to send.
2026-05-03 22:46:59,481 [INFO] Loaded 1 sender accounts.
2026-05-03 22:46:59,482 [INFO] No new emails to send.
2026-05-03 23:51:44,775 [INFO] Loaded 1 sender accounts.
2026-05-03 23:51:44,775 [INFO] No new emails to send.
2026-05-04 03:30:23,495 [INFO] Loaded 1 sender accounts.
2026-05-04 03:30:23,495 [INFO] No new emails to send.
2026-05-04 06:40:45,620 [INFO] Loaded 1 sender accounts.
2026-05-04 06:40:45,621 [INFO] No new emails to send.
2026-05-04 09:22:49,636 [INFO] Loaded 1 sender accounts.
2026-05-04 09:22:49,637 [INFO] No new emails to send.
2026-05-04 11:51:21,494 [INFO] Loaded 1 sender accounts.
2026-05-04 11:51:21,494 [INFO] No new emails to send.
2026-05-04 14:08:10,082 [INFO] Loaded 1 sender accounts.
2026-05-04 14:08:10,082 [INFO] No new emails to send.
2026-05-04 16:48:39,048 [INFO] Loaded 1 sender accounts.
2026-05-04 16:48:39,048 [INFO] No new emails to send.
2026-05-04 18:17:11,847 [INFO] Loaded 1 sender accounts.
2026-05-04 18:17:11,847 [INFO] No new emails to send.
2026-05-04 20:18:06,871 [INFO] Loaded 1 sender accounts.
2026-05-04 20:18:06,871 [INFO] No new emails to send.
2026-05-04 22:04:00,055 [INFO] Loaded 1 sender accounts.
2026-05-04 22:04:00,055 [INFO] No new emails to send.
2026-05-04 23:56:42,610 [INFO] Loaded 1 sender accounts.
2026-05-04 23:56:42,610 [INFO] No new emails to send.
2026-05-05 03:33:57,073 [INFO] Loaded 1 sender accounts.
2026-05-05 03:33:57,074 [INFO] No new emails to send.
2026-05-05 06:18:46,120 [INFO] Loaded 1 sender accounts.
2026-05-05 06:18:46,120 [INFO] No new emails to send.
2026-05-05 09:08:21,667 [INFO] Loaded 1 sender accounts.
2026-05-05 09:08:21,668 [INFO] No new emails to send.
2026-05-05 11:17:03,800 [INFO] Loaded 1 sender accounts.
2026-05-05 11:17:03,800 [INFO] No new emails to send.
2026-05-05 16:26:07,441 [INFO] Loaded 1 sender accounts.
2026-05-05 16:26:07,441 [INFO] No new emails to send.
2026-05-05 18:12:43,373 [INFO] Loaded 1 sender accounts.
2026-05-05 18:12:43,374 [INFO] No new emails to send.
2026-05-05 20:09:55,141 [INFO] Loaded 1 sender accounts.
2026-05-05 20:09:55,141 [INFO] No new emails to send.
2026-05-05 22:02:30,546 [INFO] Loaded 1 sender accounts.
2026-05-05 22:02:30,546 [INFO] No new emails to send.
2026-05-05 23:51:14,232 [INFO] Loaded 1 sender accounts.
2026-05-05 23:51:14,232 [INFO] No new emails to send.
2026-05-06 03:27:22,534 [INFO] Loaded 1 sender accounts.
2026-05-06 03:27:22,535 [INFO] No new emails to send.
2026-05-06 06:31:34,141 [INFO] Loaded 1 sender accounts.
2026-05-06 06:31:34,142 [INFO] No new emails to send.
2026-05-06 09:25:33,336 [INFO] Loaded 1 sender accounts.
2026-05-06 09:25:33,337 [INFO] No new emails to send.
2026-05-06 11:50:16,283 [INFO] Loaded 1 sender accounts.
2026-05-06 11:50:16,284 [INFO] No new emails to send.
2026-05-06 14:21:14,188 [INFO] Loaded 1 sender accounts.
2026-05-06 14:21:14,189 [INFO] No new emails to send.
2026-05-06 16:44:12,884 [INFO] Loaded 1 sender accounts.
2026-05-06 16:44:12,885 [INFO] No new emails to send.
2026-05-06 18:19:16,845 [INFO] Loaded 1 sender accounts.
2026-05-06 18:19:16,845 [INFO] No new emails to send.
2026-05-06 20:25:17,022 [INFO] Loaded 1 sender accounts.
2026-05-06 20:25:17,022 [INFO] No new emails to send.
2026-05-06 21:59:23,419 [INFO] Loaded 1 sender accounts.
2026-05-06 21:59:23,419 [INFO] No new emails to send.
2026-05-06 23:00:36,880 [INFO] Loaded 1 sender accounts.
2026-05-06 23:00:36,881 [INFO] No new emails to send.
2026-05-07 03:27:57,570 [INFO] Loaded 1 sender accounts.
2026-05-07 03:27:57,570 [INFO] No new emails to send.
2026-05-07 06:38:32,344 [INFO] Loaded 1 sender accounts.
2026-05-07 06:38:32,345 [INFO] No new emails to send.
2026-05-07 09:35:14,501 [INFO] Loaded 1 sender accounts.
2026-05-07 09:35:14,502 [INFO] No new emails to send.
2026-05-07 11:50:15,228 [INFO] Loaded 1 sender accounts.
2026-05-07 11:50:15,228 [INFO] No new emails to send.
2026-05-07 14:20:30,426 [INFO] Loaded 1 sender accounts.
2026-05-07 14:20:30,426 [INFO] No new emails to send.
2026-05-07 16:53:33,351 [INFO] Loaded 1 sender accounts.
2026-05-07 16:53:33,352 [INFO] No new emails to send.
2026-05-07 18:27:20,208 [INFO] Loaded 1 sender accounts.
2026-05-07 18:27:20,209 [INFO] No new emails to send.
2026-05-07 20:16:37,049 [INFO] Loaded 1 sender accounts.
2026-05-07 20:16:37,049 [INFO] No new emails to send.
2026-05-07 22:01:55,963 [INFO] Loaded 1 sender accounts.
2026-05-07 22:01:55,963 [INFO] No new emails to send.
2026-05-07 23:55:25,392 [INFO] Loaded 1 sender accounts.
2026-05-07 23:55:25,392 [INFO] No new emails to send.
2026-05-08 03:25:23,894 [INFO] Loaded 1 sender accounts.
2026-05-08 03:25:23,894 [INFO] No new emails to send.
2026-05-08 05:59:11,750 [INFO] Loaded 1 sender accounts.
2026-05-08 05:59:11,750 [INFO] No new emails to send.
2026-05-08 07:53:35,947 [INFO] Loaded 1 sender accounts.
2026-05-08 07:53:35,947 [INFO] No new emails to send.
2026-05-08 09:25:42,442 [INFO] Loaded 1 sender accounts.
2026-05-08 09:25:42,442 [INFO] No new emails to send.
2026-05-08 11:20:07,507 [INFO] Loaded 1 sender accounts.
2026-05-08 11:20:07,507 [INFO] No new emails to send.
2026-05-08 13:56:15,638 [INFO] Loaded 1 sender accounts.
2026-05-08 13:56:15,638 [INFO] No new emails to send.
2026-05-08 15:27:43,023 [INFO] Loaded 1 sender accounts.
2026-05-08 15:27:43,023 [INFO] No new emails to send.
2026-05-08 17:21:39,552 [INFO] Loaded 1 sender accounts.
2026-05-08 17:21:39,553 [INFO] No new emails to send.
2026-05-08 19:22:45,508 [INFO] Loaded 1 sender accounts.
2026-05-08 19:22:45,509 [INFO] No new emails to send.
2026-05-08 21:04:45,049 [INFO] Loaded 1 sender accounts.
2026-05-08 21:04:45,050 [INFO] No new emails to send.
2026-05-08 22:57:32,665 [INFO] Loaded 1 sender accounts.
2026-05-08 22:57:32,665 [INFO] No new emails to send.
2026-05-09 00:03:27,244 [INFO] Loaded 1 sender accounts.
2026-05-09 00:03:27,245 [INFO] No new emails to send.
2026-05-09 04:24:27,021 [INFO] Loaded 1 sender accounts.
2026-05-09 04:24:27,021 [INFO] No new emails to send.
2026-05-09 07:08:43,267 [INFO] Loaded 1 sender accounts.
2026-05-09 07:08:43,268 [INFO] No new emails to send.
2026-05-09 09:22:03,883 [INFO] Loaded 1 sender accounts.
2026-05-09 09:22:03,883 [INFO] No new emails to send.
2026-05-09 10:59:22,647 [INFO] Loaded 1 sender accounts.
2026-05-09 10:59:22,647 [INFO] No new emails to send.
2026-05-09 11:57:08,617 [INFO] Loaded 1 sender accounts.
2026-05-09 11:57:08,618 [INFO] No new emails to send.
2026-05-09 13:43:22,108 [INFO] Loaded 1 sender accounts.
2026-05-09 13:43:22,109 [INFO] No new emails to send.
2026-05-09 14:53:52,332 [INFO] Loaded 1 sender accounts.
2026-05-09 14:53:52,332 [INFO] No new emails to send.
2026-05-09 15:55:55,569 [INFO] Loaded 1 sender accounts.
2026-05-09 15:55:55,570 [INFO] No new emails to send.
2026-05-09 17:00:13,491 [INFO] Loaded 1 sender accounts.
2026-05-09 17:00:13,491 [INFO] No new emails to send.
2026-05-09 19:06:03,571 [INFO] Loaded 1 sender accounts.
2026-05-09 19:06:03,572 [INFO] No new emails to send.
2026-05-09 20:49:43,606 [INFO] Loaded 1 sender accounts.
2026-05-09 20:49:43,607 [INFO] No new emails to send.
2026-05-09 21:49:25,726 [INFO] Loaded 1 sender accounts.
2026-05-09 21:49:25,726 [INFO] No new emails to send.
2026-05-09 22:50:35,744 [INFO] Loaded 1 sender accounts.
2026-05-09 22:50:35,745 [INFO] No new emails to send.
2026-05-09 23:52:41,073 [INFO] Loaded 1 sender accounts.
2026-05-09 23:52:41,073 [INFO] No new emails to send.
2026-05-10 03:34:40,438 [INFO] Loaded 1 sender accounts.
2026-05-10 03:34:40,439 [INFO] No new emails to send.
2026-05-10 06:35:08,200 [INFO] Loaded 1 sender accounts.
2026-05-10 06:35:08,201 [INFO] No new emails to send.
2026-05-10 08:56:11,133 [INFO] Loaded 1 sender accounts.
2026-05-10 08:56:11,133 [INFO] No new emails to send.
2026-05-10 10:19:05,370 [INFO] Loaded 1 sender accounts.
2026-05-10 10:19:05,371 [INFO] No new emails to send.
2026-05-10 11:54:24,041 [INFO] Loaded 1 sender accounts.
2026-05-10 11:54:24,041 [INFO] No new emails to send.
2026-05-10 13:24:25,721 [INFO] Loaded 1 sender accounts.
2026-05-10 13:24:25,721 [INFO] No new emails to send.
2026-05-10 14:56:00,311 [INFO] Loaded 1 sender accounts.
2026-05-10 14:56:00,312 [INFO] No new emails to send.
2026-05-10 15:58:41,480 [INFO] Loaded 1 sender accounts.
2026-05-10 15:58:41,480 [INFO] No new emails to send.
2026-05-10 17:06:02,401 [INFO] Loaded 1 sender accounts.
2026-05-10 17:06:02,401 [INFO] No new emails to send.
2026-05-10 19:08:42,013 [INFO] Loaded 1 sender accounts.
2026-05-10 19:08:42,013 [INFO] No new emails to send.
2026-05-10 20:52:27,947 [INFO] Loaded 1 sender accounts.
2026-05-10 20:52:27,947 [INFO] No new emails to send.
2026-05-10 21:51:29,432 [INFO] Loaded 1 sender accounts.
2026-05-10 21:51:29,433 [INFO] No new emails to send.
2026-05-10 22:52:12,100 [INFO] Loaded 1 sender accounts.
2026-05-10 22:52:12,100 [INFO] No new emails to send.
2026-05-10 23:55:03,885 [INFO] Loaded 1 sender accounts.
2026-05-10 23:55:03,886 [INFO] No new emails to send.
2026-05-11 03:48:10,678 [INFO] Loaded 1 sender accounts.
2026-05-11 03:48:10,678 [INFO] No new emails to send.
2026-05-11 07:45:15,192 [INFO] Loaded 1 sender accounts.
2026-05-11 07:45:15,193 [INFO] No new emails to send.
2026-05-11 11:26:41,471 [INFO] Loaded 1 sender accounts.
2026-05-11 11:26:41,471 [INFO] No new emails to send.
2026-05-11 15:16:05,748 [INFO] Loaded 1 sender accounts.
2026-05-11 15:16:05,749 [INFO] No new emails to send.
2026-05-11 17:56:39,384 [INFO] Loaded 1 sender accounts.
2026-05-11 17:56:39,384 [INFO] No new emails to send.
2026-05-11 19:56:09,021 [INFO] Loaded 1 sender accounts.
2026-05-11 19:56:09,022 [INFO] No new emails to send.
2026-05-11 21:21:32,849 [INFO] Loaded 1 sender accounts.
2026-05-11 21:21:32,850 [INFO] No new emails to send.
2026-05-11 22:57:15,516 [INFO] Loaded 1 sender accounts.
2026-05-11 22:57:15,516 [INFO] No new emails to send.
2026-05-12 00:04:52,145 [INFO] Loaded 1 sender accounts.
2026-05-12 00:04:52,145 [INFO] No new emails to send.
2026-05-12 04:37:06,390 [INFO] Loaded 1 sender accounts.
2026-05-12 04:37:06,391 [INFO] No new emails to send.
2026-05-12 07:44:15,219 [INFO] Loaded 1 sender accounts.
2026-05-12 07:44:15,219 [INFO] No new emails to send.
2026-05-12 10:34:23,496 [INFO] Loaded 1 sender accounts.
2026-05-12 10:34:23,496 [INFO] No new emails to send.
2026-05-12 13:05:48,677 [INFO] Loaded 1 sender accounts.
2026-05-12 13:05:48,678 [INFO] No new emails to send.
2026-05-12 16:21:05,734 [INFO] Loaded 1 sender accounts.
2026-05-12 16:21:05,735 [INFO] No new emails to send.
2026-05-12 18:58:14,591 [INFO] Loaded 1 sender accounts.
2026-05-12 18:58:14,592 [INFO] No new emails to send.
2026-05-12 20:45:46,869 [INFO] Loaded 1 sender accounts.
2026-05-12 20:45:46,870 [INFO] No new emails to send.
2026-05-12 22:13:50,855 [INFO] Loaded 1 sender accounts.
2026-05-12 22:13:50,855 [INFO] No new emails to send.
2026-05-13 00:01:52,974 [INFO] Loaded 1 sender accounts.
2026-05-13 00:01:52,974 [INFO] No new emails to send.
2026-05-13 04:48:44,268 [INFO] Loaded 1 sender accounts.
2026-05-13 04:48:44,268 [INFO] No new emails to send.
2026-05-13 07:50:37,154 [INFO] Loaded 1 sender accounts.
2026-05-13 07:50:37,154 [INFO] No new emails to send.
2026-05-13 10:31:11,549 [INFO] Loaded 1 sender accounts.
2026-05-13 10:31:11,549 [INFO] No new emails to send.
2026-05-13 13:13:18,145 [INFO] Loaded 1 sender accounts.
2026-05-13 13:13:18,146 [INFO] No new emails to send.
2026-05-13 16:21:33,878 [INFO] Loaded 1 sender accounts.
2026-05-13 16:21:33,878 [INFO] No new emails to send.
2026-05-13 18:57:45,297 [INFO] Loaded 1 sender accounts.
2026-05-13 18:57:45,298 [INFO] No new emails to send.
2026-05-13 20:49:51,037 [INFO] Loaded 1 sender accounts.
2026-05-13 20:49:51,038 [INFO] No new emails to send.
2026-05-13 22:15:40,119 [INFO] Loaded 1 sender accounts.
2026-05-13 22:15:40,119 [INFO] No new emails to send.
2026-05-14 00:02:46,565 [INFO] Loaded 1 sender accounts.
2026-05-14 00:02:46,566 [INFO] No new emails to send.
2026-05-14 04:45:04,316 [INFO] Loaded 1 sender accounts.
2026-05-14 04:45:04,316 [INFO] No new emails to send.
2026-05-14 07:44:32,615 [INFO] Loaded 1 sender accounts.
2026-05-14 07:44:32,616 [INFO] No new emails to send.
2026-05-14 10:21:29,165 [INFO] Loaded 1 sender accounts.
2026-05-14 10:21:29,166 [INFO] No new emails to send.
2026-05-14 12:27:25,063 [INFO] Loaded 1 sender accounts.
2026-05-14 12:27:25,063 [INFO] No new emails to send.
2026-05-14 15:21:56,409 [INFO] Loaded 1 sender accounts.
2026-05-14 15:21:56,410 [INFO] No new emails to send.
2026-05-14 17:54:40,902 [INFO] Loaded 1 sender accounts.
2026-05-14 17:54:40,902 [INFO] No new emails to send.
2026-05-14 19:49:20,047 [INFO] Loaded 1 sender accounts.
2026-05-14 19:49:20,047 [INFO] No new emails to send.
2026-05-14 21:12:46,902 [INFO] Loaded 1 sender accounts.
2026-05-14 21:12:46,902 [INFO] No new emails to send.
2026-05-14 22:59:15,476 [INFO] Loaded 1 sender accounts.
2026-05-14 22:59:15,477 [INFO] No new emails to send.
2026-05-15 00:05:30,040 [INFO] Loaded 1 sender accounts.
2026-05-15 00:05:30,041 [INFO] No new emails to send.
2026-05-15 04:52:40,232 [INFO] Loaded 1 sender accounts.
2026-05-15 04:52:40,232 [INFO] No new emails to send.
2026-05-15 10:27:03,851 [INFO] Loaded 1 sender accounts.
2026-05-15 10:27:03,851 [INFO] No new emails to send.
2026-05-15 12:55:33,289 [INFO] Loaded 1 sender accounts.
2026-05-15 12:55:33,289 [INFO] No new emails to send.
2026-05-15 15:19:22,695 [INFO] Loaded 1 sender accounts.
2026-05-15 15:19:22,695 [INFO] No new emails to send.
2026-05-15 17:41:53,660 [INFO] Loaded 1 sender accounts.
2026-05-15 17:41:53,661 [INFO] No new emails to send.
2026-05-15 19:42:14,589 [INFO] Loaded 1 sender accounts.
2026-05-15 19:42:14,589 [INFO] No new emails to send.
2026-05-15 21:04:58,279 [INFO] Loaded 1 sender accounts.
2026-05-15 21:04:58,279 [INFO] No new emails to send.
2026-05-15 22:56:55,047 [INFO] Loaded 1 sender accounts.
2026-05-15 22:56:55,047 [INFO] No new emails to send.
2026-05-15 23:59:14,200 [INFO] Loaded 1 sender accounts.
2026-05-15 23:59:14,201 [INFO] No new emails to send.
2026-05-16 03:54:25,781 [INFO] Loaded 1 sender accounts.
2026-05-16 03:54:25,781 [INFO] No new emails to send.
2026-05-16 06:23:45,009 [INFO] Loaded 1 sender accounts.
2026-05-16 06:23:45,009 [INFO] No new emails to send.
2026-05-16 08:49:29,975 [INFO] Loaded 1 sender accounts.
2026-05-16 08:49:29,976 [INFO] No new emails to send.
2026-05-16 10:18:12,697 [INFO] Loaded 1 sender accounts.
2026-05-16 10:18:12,697 [INFO] No new emails to send.
2026-05-16 11:53:56,378 [INFO] Loaded 1 sender accounts.
2026-05-16 11:53:56,378 [INFO] No new emails to send.
2026-05-16 13:27:44,964 [INFO] Loaded 1 sender accounts.
2026-05-16 13:27:44,964 [INFO] No new emails to send.
2026-05-16 14:59:12,522 [INFO] Loaded 1 sender accounts.
2026-05-16 14:59:12,522 [INFO] No new emails to send.
2026-05-16 16:04:05,590 [INFO] Loaded 1 sender accounts.
2026-05-16 16:04:05,590 [INFO] No new emails to send.
2026-05-16 17:57:00,649 [INFO] Loaded 1 sender accounts.
2026-05-16 17:57:00,649 [INFO] No new emails to send.
2026-05-16 19:16:31,292 [INFO] Loaded 1 sender accounts.
2026-05-16 19:16:31,293 [INFO] No new emails to send.
2026-05-16 20:52:41,455 [INFO] Loaded 1 sender accounts.
2026-05-16 20:52:41,455 [INFO] No new emails to send.
2026-05-16 21:52:53,871 [INFO] Loaded 1 sender accounts.
2026-05-16 21:52:53,872 [INFO] No new emails to send.
2026-05-16 22:50:32,096 [INFO] Loaded 1 sender accounts.
2026-05-16 22:50:32,096 [INFO] No new emails to send.
2026-05-16 23:55:51,874 [INFO] Loaded 1 sender accounts.
2026-05-16 23:55:51,875 [INFO] No new emails to send.
2026-05-17 03:53:07,367 [INFO] Loaded 1 sender accounts.
2026-05-17 03:53:07,367 [INFO] No new emails to send.
2026-05-17 06:47:20,299 [INFO] Loaded 1 sender accounts.
2026-05-17 06:47:20,299 [INFO] No new emails to send.
2026-05-17 09:07:39,270 [INFO] Loaded 1 sender accounts.
2026-05-17 09:07:39,270 [INFO] No new emails to send.
2026-05-17 11:09:55,994 [INFO] Loaded 1 sender accounts.
2026-05-17 11:09:55,995 [INFO] No new emails to send.
2026-05-17 13:26:10,840 [INFO] Loaded 1 sender accounts.
2026-05-17 13:26:10,841 [INFO] No new emails to send.
2026-05-17 14:59:14,047 [INFO] Loaded 1 sender accounts.
2026-05-17 14:59:14,047 [INFO] No new emails to send.
2026-05-17 16:05:07,108 [INFO] Loaded 1 sender accounts.
2026-05-17 16:05:07,108 [INFO] No new emails to send.
2026-05-17 17:59:29,035 [INFO] Loaded 1 sender accounts.
2026-05-17 17:59:29,035 [INFO] No new emails to send.
2026-05-17 19:22:25,277 [INFO] Loaded 1 sender accounts.
2026-05-17 19:22:25,278 [INFO] No new emails to send.
2026-05-17 20:56:18,002 [INFO] Loaded 1 sender accounts.
2026-05-17 20:56:18,002 [INFO] No new emails to send.
2026-05-17 21:59:15,809 [INFO] Loaded 1 sender accounts.
2026-05-17 21:59:15,809 [INFO] No new emails to send.
2026-05-17 23:02:37,716 [INFO] Loaded 1 sender accounts.
2026-05-17 23:02:37,717 [INFO] No new emails to send.
2026-05-18 03:56:43,221 [INFO] Loaded 1 sender accounts.
2026-05-18 03:56:43,221 [INFO] No new emails to send.
2026-05-18 08:11:01,867 [INFO] Loaded 1 sender accounts.
2026-05-18 08:11:01,868 [INFO] No new emails to send.
2026-05-18 12:34:43,357 [INFO] Loaded 1 sender accounts.
2026-05-18 12:34:43,358 [INFO] No new emails to send.
2026-05-18 16:26:58,211 [INFO] Loaded 1 sender accounts.
2026-05-18 16:26:58,211 [INFO] No new emails to send.
2026-05-18 18:53:48,474 [INFO] Loaded 1 sender accounts.
2026-05-18 18:53:48,474 [INFO] No new emails to send.
2026-05-18 20:26:22,300 [INFO] Loaded 1 sender accounts.
2026-05-18 20:26:22,301 [INFO] No new emails to send.
2026-05-18 22:04:33,592 [INFO] Loaded 1 sender accounts.
2026-05-18 22:04:33,592 [INFO] No new emails to send.
2026-05-19 00:10:26,928 [INFO] Loaded 1 sender accounts.
2026-05-19 00:10:26,928 [INFO] No new emails to send.
2026-05-19 05:03:30,090 [INFO] Loaded 1 sender accounts.
2026-05-19 05:03:30,090 [INFO] No new emails to send.
2026-05-19 09:51:02,740 [INFO] Loaded 1 sender accounts.
2026-05-19 09:51:02,740 [INFO] No new emails to send.
2026-05-19 12:41:35,656 [INFO] Loaded 1 sender accounts.
2026-05-19 12:41:35,656 [INFO] No new emails to send.
2026-05-19 16:23:04,478 [INFO] Loaded 1 sender accounts.
2026-05-19 16:23:04,479 [INFO] No new emails to send.
2026-05-19 19:02:23,916 [INFO] Loaded 1 sender accounts.
2026-05-19 19:02:23,916 [INFO] No new emails to send.
2026-05-19 21:21:40,573 [INFO] Loaded 1 sender accounts.
2026-05-19 21:21:40,574 [INFO] No new emails to send.
2026-05-19 23:05:08,362 [INFO] Loaded 1 sender accounts.
2026-05-19 23:05:08,362 [INFO] No new emails to send.
2026-05-20 03:50:58,863 [INFO] Loaded 1 sender accounts.
2026-05-20 03:50:58,864 [INFO] No new emails to send.
2026-05-20 07:48:26,734 [INFO] Loaded 1 sender accounts.
2026-05-20 07:48:26,735 [INFO] No new emails to send.
2026-05-20 10:53:29,138 [INFO] Loaded 1 sender accounts.
2026-05-20 10:53:29,138 [INFO] No new emails to send.
2026-05-20 13:41:34,530 [INFO] Loaded 1 sender accounts.
2026-05-20 13:41:34,530 [INFO] No new emails to send.
2026-05-20 16:54:57,589 [INFO] Loaded 1 sender accounts.
2026-05-20 16:54:57,590 [INFO] No new emails to send.
2026-05-20 19:27:28,406 [INFO] Loaded 1 sender accounts.
2026-05-20 19:27:28,406 [INFO] No new emails to send.
2026-05-20 21:57:55,339 [INFO] Loaded 1 sender accounts.
2026-05-20 21:57:55,340 [INFO] No new emails to send.
2026-05-20 23:21:30,768 [INFO] Loaded 1 sender accounts.
2026-05-20 23:21:30,768 [INFO] No new emails to send.
2026-05-21 03:59:47,310 [INFO] Loaded 1 sender accounts.
2026-05-21 03:59:47,311 [INFO] No new emails to send.
2026-05-21 08:01:14,528 [INFO] Loaded 1 sender accounts.
2026-05-21 08:01:14,528 [INFO] No new emails to send.
2026-05-21 12:16:36,701 [INFO] Loaded 1 sender accounts.
2026-05-21 12:16:36,701 [INFO] No new emails to send.
2026-05-21 16:16:18,704 [INFO] Loaded 1 sender accounts.
2026-05-21 16:16:18,704 [INFO] No new emails to send.
2026-05-21 18:58:41,085 [INFO] Loaded 1 sender accounts.
2026-05-21 18:58:41,085 [INFO] No new emails to send.
2026-05-21 20:54:03,354 [INFO] Loaded 1 sender accounts.
2026-05-21 20:54:03,354 [INFO] No new emails to send.
2026-05-21 22:21:15,774 [INFO] Loaded 1 sender accounts.
2026-05-21 22:21:15,774 [INFO] No new emails to send.
2026-05-22 00:05:26,256 [INFO] Loaded 1 sender accounts.
2026-05-22 00:05:26,256 [INFO] No new emails to send.
2026-05-22 05:03:17,718 [INFO] Loaded 1 sender accounts.
2026-05-22 05:03:17,718 [INFO] No new emails to send.
2026-05-22 09:31:41,177 [INFO] Loaded 1 sender accounts.
2026-05-22 09:31:41,177 [INFO] No new emails to send.
2026-05-22 12:22:20,527 [INFO] Loaded 1 sender accounts.
2026-05-22 12:22:20,527 [INFO] No new emails to send.
2026-05-22 15:49:50,205 [INFO] Loaded 1 sender accounts.
2026-05-22 15:49:50,206 [INFO] No new emails to send.
2026-05-22 17:54:20,623 [INFO] Loaded 1 sender accounts.
2026-05-22 17:54:20,623 [INFO] No new emails to send.
2026-05-22 19:50:36,859 [INFO] Loaded 1 sender accounts.
2026-05-22 19:50:36,859 [INFO] No new emails to send.
2026-05-22 21:13:50,698 [INFO] Loaded 1 sender accounts.
2026-05-22 21:13:50,699 [INFO] No new emails to send.
2026-05-22 23:03:12,263 [INFO] Loaded 1 sender accounts.
2026-05-22 23:03:12,263 [INFO] No new emails to send.
2026-05-23 03:32:11,673 [INFO] Loaded 1 sender accounts.
2026-05-23 03:32:11,673 [INFO] No new emails to send.
2026-05-23 06:35:13,007 [INFO] Loaded 1 sender accounts.
2026-05-23 06:35:13,008 [INFO] No new emails to send.
2026-05-23 09:02:57,471 [INFO] Loaded 1 sender accounts.
2026-05-23 09:02:57,471 [INFO] No new emails to send.
2026-05-23 11:14:08,899 [INFO] Loaded 1 sender accounts.
2026-05-23 11:14:08,900 [INFO] No new emails to send.
2026-05-23 13:41:03,503 [INFO] Loaded 1 sender accounts.
2026-05-23 13:41:03,504 [INFO] No new emails to send.
2026-05-23 15:03:18,364 [INFO] Loaded 1 sender accounts.
2026-05-23 15:03:18,365 [INFO] No new emails to send.
2026-05-23 17:02:51,689 [INFO] Loaded 1 sender accounts.
2026-05-23 17:02:51,689 [INFO] No new emails to send.
2026-05-23 19:14:39,669 [INFO] Loaded 1 sender accounts.
2026-05-23 19:14:39,669 [INFO] No new emails to send.
2026-05-23 20:56:14,399 [INFO] Loaded 1 sender accounts.
2026-05-23 20:56:14,399 [INFO] No new emails to send.
2026-05-23 21:59:04,215 [INFO] Loaded 1 sender accounts.
2026-05-23 21:59:04,216 [INFO] No new emails to send.
2026-05-23 23:01:34,142 [INFO] Loaded 1 sender accounts.
2026-05-23 23:01:34,143 [INFO] No new emails to send.
2026-05-24 03:53:33,130 [INFO] Loaded 1 sender accounts.
2026-05-24 03:53:33,131 [INFO] No new emails to send.
2026-05-24 07:23:12,486 [INFO] Loaded 1 sender accounts.
2026-05-24 07:23:12,486 [INFO] No new emails to send.
2026-05-24 09:57:27,816 [INFO] Loaded 1 sender accounts.
2026-05-24 09:57:27,816 [INFO] No new emails to send.
2026-05-24 11:22:08,796 [INFO] Loaded 1 sender accounts.
2026-05-24 11:22:08,796 [INFO] No new emails to send.
2026-05-24 13:40:45,550 [INFO] Loaded 1 sender accounts.
2026-05-24 13:40:45,551 [INFO] No new emails to send.
2026-05-24 15:06:17,837 [INFO] Loaded 1 sender accounts.
2026-05-24 15:06:17,838 [INFO] No new emails to send.
2026-05-24 17:04:41,150 [INFO] Loaded 1 sender accounts.
2026-05-24 17:04:41,150 [INFO] No new emails to send.
2026-05-24 19:20:37,578 [INFO] Loaded 1 sender accounts.
2026-05-24 19:20:37,578 [INFO] No new emails to send.
2026-05-24 20:59:27,907 [INFO] Loaded 1 sender accounts.
2026-05-24 20:59:27,907 [INFO] No new emails to send.
2026-05-24 22:04:36,046 [INFO] Loaded 1 sender accounts.
2026-05-24 22:04:36,046 [INFO] No new emails to send.
2026-05-25 00:02:03,398 [INFO] Loaded 1 sender accounts.
2026-05-25 00:02:03,398 [INFO] No new emails to send.
2026-05-25 05:21:55,144 [INFO] Loaded 1 sender accounts.
2026-05-25 05:21:55,144 [INFO] No new emails to send.
2026-05-25 10:13:22,087 [INFO] Loaded 1 sender accounts.
2026-05-25 10:13:22,088 [INFO] No new emails to send.
2026-05-25 14:10:20,019 [INFO] Loaded 1 sender accounts.
2026-05-25 14:10:20,019 [INFO] No new emails to send.
2026-05-25 17:08:12,317 [INFO] Loaded 1 sender accounts.
2026-05-25 17:08:12,318 [INFO] No new emails to send.
2026-05-25 19:44:32,750 [INFO] Loaded 1 sender accounts.
2026-05-25 19:44:32,750 [INFO] No new emails to send.
2026-05-25 21:12:07,437 [INFO] Loaded 1 sender accounts.
2026-05-25 21:12:07,438 [INFO] No new emails to send.
2026-05-25 23:06:39,294 [INFO] Loaded 1 sender accounts.
2026-05-25 23:06:39,294 [INFO] No new emails to send.
2026-05-26 03:50:46,919 [INFO] Loaded 1 sender accounts.
2026-05-26 03:50:46,919 [INFO] No new emails to send.
2026-05-26 07:52:34,685 [INFO] Loaded 1 sender accounts.
2026-05-26 07:52:34,686 [INFO] No new emails to send.
2026-05-26 15:39:23,501 [INFO] Loaded 1 sender accounts.
2026-05-26 15:39:23,502 [INFO] No new emails to send.
2026-05-26 18:28:49,034 [INFO] Loaded 1 sender accounts.
2026-05-26 18:28:49,034 [INFO] No new emails to send.
2026-05-26 20:55:29,114 [INFO] Loaded 1 sender accounts.
2026-05-26 20:55:29,114 [INFO] No new emails to send.
2026-05-26 22:22:40,337 [INFO] Loaded 1 sender accounts.
2026-05-26 22:22:40,337 [INFO] No new emails to send.
2026-05-27 00:08:30,387 [INFO] Loaded 1 sender accounts.
2026-05-27 00:08:30,387 [INFO] No new emails to send.
2026-05-27 05:18:21,047 [INFO] Loaded 1 sender accounts.
2026-05-27 05:18:21,047 [INFO] No new emails to send.
2026-05-27 09:57:36,903 [INFO] Loaded 1 sender accounts.
2026-05-27 09:57:36,904 [INFO] No new emails to send.
2026-05-27 12:57:22,994 [INFO] Loaded 1 sender accounts.
2026-05-27 12:57:22,994 [INFO] No new emails to send.
2026-05-27 16:41:28,779 [INFO] Loaded 1 sender accounts.
2026-05-27 16:41:28,779 [INFO] No new emails to send.
2026-05-27 19:27:18,578 [INFO] Loaded 1 sender accounts.
2026-05-27 19:27:18,578 [INFO] No new emails to send.
2026-05-27 21:58:43,798 [INFO] Loaded 1 sender accounts.
2026-05-27 21:58:43,798 [INFO] No new emails to send.
2026-05-27 23:23:50,553 [INFO] Loaded 1 sender accounts.
2026-05-27 23:23:50,553 [INFO] No new emails to send.
2026-05-28 03:52:52,776 [INFO] Loaded 1 sender accounts.
2026-05-28 03:52:52,777 [INFO] No new emails to send.
2026-05-28 08:03:07,049 [INFO] Loaded 1 sender accounts.
2026-05-28 08:03:07,049 [INFO] No new emails to send.
2026-05-28 12:29:54,567 [INFO] Loaded 1 sender accounts.
2026-05-28 12:29:54,568 [INFO] No new emails to send.
2026-05-28 16:55:42,748 [INFO] Loaded 1 sender accounts.
2026-05-28 16:55:42,748 [INFO] No new emails to send.
2026-05-28 19:37:45,377 [INFO] Loaded 1 sender accounts.
2026-05-28 19:37:45,378 [INFO] No new emails to send.
2026-05-28 21:57:04,217 [INFO] Loaded 1 sender accounts.
2026-05-28 21:57:04,218 [INFO] No new emails to send.
2026-05-28 23:23:42,210 [INFO] Loaded 1 sender accounts.
2026-05-28 23:23:42,210 [INFO] No new emails to send.
2026-05-29 03:54:33,978 [INFO] Loaded 1 sender accounts.
2026-05-29 03:54:33,978 [INFO] No new emails to send.
2026-05-29 08:00:10,819 [INFO] Loaded 1 sender accounts.
2026-05-29 08:00:10,819 [INFO] No new emails to send.
2026-05-29 11:38:25,036 [INFO] Loaded 1 sender accounts.
2026-05-29 11:38:25,036 [INFO] No new emails to send.
2026-05-29 15:41:36,548 [INFO] Loaded 1 sender accounts.
2026-05-29 15:41:36,549 [INFO] No new emails to send.
2026-05-29 18:36:21,033 [INFO] Loaded 1 sender accounts.
2026-05-29 18:36:21,033 [INFO] No new emails to send.
2026-05-29 21:09:49,649 [INFO] Loaded 1 sender accounts.
2026-05-29 21:09:49,649 [INFO] No new emails to send.
2026-05-29 23:16:08,646 [INFO] Loaded 1 sender accounts.
2026-05-29 23:16:08,646 [INFO] No new emails to send.
2026-05-30 03:39:29,183 [INFO] Loaded 1 sender accounts.
2026-05-30 03:39:29,183 [INFO] No new emails to send.
2026-05-30 06:48:15,252 [INFO] Loaded 1 sender accounts.
2026-05-30 06:48:15,252 [INFO] No new emails to send.
2026-05-30 09:20:50,622 [INFO] Loaded 1 sender accounts.
2026-05-30 09:20:50,622 [INFO] No new emails to send.
2026-05-30 11:22:24,979 [INFO] Loaded 1 sender accounts.
2026-05-30 11:22:24,980 [INFO] No new emails to send.
2026-05-30 13:44:33,855 [INFO] Loaded 1 sender accounts.
2026-05-30 13:44:33,855 [INFO] No new emails to send.
2026-05-30 15:10:07,695 [INFO] Loaded 1 sender accounts.
2026-05-30 15:10:07,695 [INFO] No new emails to send.
2026-05-30 17:10:12,911 [INFO] Loaded 1 sender accounts.
2026-05-30 17:10:12,912 [INFO] No new emails to send.
2026-05-30 19:20:38,529 [INFO] Loaded 1 sender accounts.
2026-05-30 19:20:38,530 [INFO] No new emails to send.
2026-05-30 21:01:28,809 [INFO] Loaded 1 sender accounts.
2026-05-30 21:01:28,809 [INFO] No new emails to send.
2026-05-30 23:00:02,951 [INFO] Loaded 1 sender accounts.
2026-05-30 23:00:02,951 [INFO] No new emails to send.
2026-05-31 00:11:08,983 [INFO] Loaded 1 sender accounts.
2026-05-31 00:11:08,983 [INFO] No new emails to send.
2026-05-31 05:20:23,530 [INFO] Loaded 1 sender accounts.
2026-05-31 05:20:23,531 [INFO] No new emails to send.
2026-05-31 08:49:49,270 [INFO] Loaded 1 sender accounts.
2026-05-31 08:49:49,270 [INFO] No new emails to send.
2026-05-31 11:00:11,800 [INFO] Loaded 1 sender accounts.
2026-05-31 11:00:11,800 [INFO] No new emails to send.
2026-05-31 12:17:34,167 [INFO] Loaded 1 sender accounts.
2026-05-31 12:17:34,168 [INFO] No new emails to send.
2026-05-31 14:48:07,888 [INFO] Loaded 1 sender accounts.
2026-05-31 14:48:07,888 [INFO] No new emails to send.
2026-05-31 16:12:35,182 [INFO] Loaded 1 sender accounts.
2026-05-31 16:12:35,183 [INFO] No new emails to send.
2026-05-31 18:05:01,748 [INFO] Loaded 1 sender accounts.
2026-05-31 18:05:01,748 [INFO] No new emails to send.
2026-05-31 20:12:43,655 [INFO] Loaded 1 sender accounts.
2026-05-31 20:12:43,655 [INFO] No new emails to send.
2026-05-31 22:02:11,915 [INFO] Loaded 1 sender accounts.
2026-05-31 22:02:11,915 [INFO] No new emails to send.
2026-06-01 00:08:21,853 [INFO] Loaded 1 sender accounts.
2026-06-01 00:08:21,853 [INFO] No new emails to send.
2026-06-01 06:05:48,820 [INFO] Loaded 1 sender accounts.
2026-06-01 06:05:48,820 [INFO] No new emails to send.
2026-06-01 12:40:28,485 [INFO] Loaded 1 sender accounts.
2026-06-01 12:40:28,486 [INFO] No new emails to send.
2026-06-01 18:41:00,231 [INFO] Loaded 1 sender accounts.
2026-06-01 18:41:00,231 [INFO] No new emails to send.
2026-06-01 22:12:11,688 [INFO] Loaded 1 sender accounts.
2026-06-01 22:12:11,689 [INFO] No new emails to send.
2026-06-02 00:15:51,645 [INFO] Loaded 1 sender accounts.
2026-06-02 00:15:51,646 [INFO] No new emails to send.
2026-06-02 05:51:22,567 [INFO] Loaded 1 sender accounts.
2026-06-02 05:51:22,567 [INFO] No new emails to send.
2026-06-02 10:41:07,694 [INFO] Loaded 1 sender accounts.
2026-06-02 10:41:07,694 [INFO] No new emails to send.
2026-06-02 14:56:10,123 [INFO] Loaded 1 sender accounts.
2026-06-02 14:56:10,123 [INFO] No new emails to send.
2026-06-02 18:44:12,909 [INFO] Loaded 1 sender accounts.
2026-06-02 18:44:12,909 [INFO] No new emails to send.
2026-06-02 21:50:06,635 [INFO] Loaded 1 sender accounts.
2026-06-02 21:50:06,635 [INFO] No new emails to send.
2026-06-02 23:48:00,129 [INFO] Loaded 1 sender accounts.
2026-06-02 23:48:00,129 [INFO] No new emails to send.
2026-06-03 04:23:23,154 [INFO] Loaded 1 sender accounts.
2026-06-03 04:23:23,155 [INFO] No new emails to send.
2026-06-03 09:28:30,351 [INFO] Loaded 1 sender accounts.
2026-06-03 09:28:30,351 [INFO] No new emails to send.
2026-06-03 14:43:20,724 [INFO] Loaded 1 sender accounts.
2026-06-03 14:43:20,724 [INFO] No new emails to send.
2026-06-03 18:46:26,657 [INFO] Loaded 1 sender accounts.
2026-06-03 18:46:26,657 [INFO] No new emails to send.
2026-06-03 21:51:33,391 [INFO] Loaded 1 sender accounts.
2026-06-03 21:51:33,391 [INFO] No new emails to send.
2026-06-03 23:46:27,276 [INFO] Loaded 1 sender accounts.
2026-06-03 23:46:27,277 [INFO] No new emails to send.
2026-06-04 04:18:17,186 [INFO] Loaded 1 sender accounts.
2026-06-04 04:18:17,186 [INFO] No new emails to send.
2026-06-04 08:51:09,158 [INFO] Loaded 1 sender accounts.
2026-06-04 08:51:09,159 [INFO] No new emails to send.
2026-06-04 11:57:03,859 [INFO] Loaded 1 sender accounts.
2026-06-04 11:57:03,859 [INFO] No new emails to send.
2026-06-04 15:33:02,910 [INFO] Loaded 1 sender accounts.
2026-06-04 15:33:02,910 [INFO] No new emails to send.
2026-06-04 18:20:08,215 [INFO] Loaded 1 sender accounts.
2026-06-04 18:20:08,216 [INFO] No new emails to send.
2026-06-04 20:58:32,808 [INFO] Loaded 1 sender accounts.
2026-06-04 20:58:32,808 [INFO] No new emails to send.
2026-06-04 22:39:49,013 [INFO] Loaded 1 sender accounts.
2026-06-04 22:39:49,013 [INFO] No new emails to send.
2026-06-05 00:11:32,829 [INFO] Loaded 1 sender accounts.
2026-06-05 00:11:32,829 [INFO] No new emails to send.
2026-06-05 05:20:12,069 [INFO] Loaded 1 sender accounts.
2026-06-05 05:20:12,069 [INFO] No new emails to send.
2026-06-05 09:56:04,437 [INFO] Loaded 1 sender accounts.
2026-06-05 09:56:04,438 [INFO] No new emails to send.
2026-06-05 12:41:48,622 [INFO] Loaded 1 sender accounts.
2026-06-05 12:41:48,622 [INFO] No new emails to send.
2026-06-05 15:56:09,114 [INFO] Loaded 1 sender accounts.
2026-06-05 15:56:09,115 [INFO] No new emails to send.
2026-06-05 18:00:02,754 [INFO] Loaded 1 sender accounts.
2026-06-05 18:00:02,754 [INFO] No new emails to send.
2026-06-05 20:05:24,453 [INFO] Loaded 1 sender accounts.
2026-06-05 20:05:24,454 [INFO] No new emails to send.
2026-06-05 22:16:24,589 [INFO] Loaded 1 sender accounts.
2026-06-05 22:16:24,589 [INFO] No new emails to send.
2026-06-06 00:09:05,771 [INFO] Loaded 1 sender accounts.
2026-06-06 00:09:05,771 [INFO] No new emails to send.
2026-06-06 04:54:55,774 [INFO] Loaded 1 sender accounts.
2026-06-06 04:54:55,775 [INFO] No new emails to send.
2026-06-06 07:47:26,807 [INFO] Loaded 1 sender accounts.
2026-06-06 07:47:26,808 [INFO] No new emails to send.
2026-06-06 10:06:39,641 [INFO] Loaded 1 sender accounts.
2026-06-06 10:06:39,642 [INFO] No new emails to send.
2026-06-06 12:06:54,660 [INFO] Loaded 1 sender accounts.
2026-06-06 12:06:54,660 [INFO] No new emails to send.
2026-06-06 14:42:54,752 [INFO] Loaded 1 sender accounts.
2026-06-06 14:42:54,753 [INFO] No new emails to send.
2026-06-06 16:07:21,055 [INFO] Loaded 1 sender accounts.
2026-06-06 16:07:21,055 [INFO] No new emails to send.
2026-06-06 18:08:32,528 [INFO] Loaded 1 sender accounts.
2026-06-06 18:08:32,528 [INFO] No new emails to send.
2026-06-06 20:10:49,053 [INFO] Loaded 1 sender accounts.
2026-06-06 20:10:49,053 [INFO] No new emails to send.
2026-06-06 22:04:21,928 [INFO] Loaded 1 sender accounts.
2026-06-06 22:04:21,928 [INFO] No new emails to send.
2026-06-07 00:06:21,841 [INFO] Loaded 1 sender accounts.
2026-06-07 00:06:21,841 [INFO] No new emails to send.
2026-06-07 05:23:37,285 [INFO] Loaded 1 sender accounts.
2026-06-07 05:23:37,285 [INFO] No new emails to send.
2026-06-07 09:17:01,202 [INFO] Loaded 1 sender accounts.
2026-06-07 09:17:01,203 [INFO] No new emails to send.
2026-06-07 11:49:55,468 [INFO] Loaded 1 sender accounts.
2026-06-07 11:49:55,468 [INFO] No new emails to send.
2026-06-07 13:58:53,472 [INFO] Loaded 1 sender accounts.
2026-06-07 13:58:53,472 [INFO] No new emails to send.
2026-06-07 15:38:25,070 [INFO] Loaded 1 sender accounts.
2026-06-07 15:38:25,071 [INFO] No new emails to send.
2026-06-07 17:20:42,983 [INFO] Loaded 1 sender accounts.
2026-06-07 17:20:42,983 [INFO] No new emails to send.
2026-06-07 19:27:01,819 [INFO] Loaded 1 sender accounts.
2026-06-07 19:27:01,819 [INFO] No new emails to send.
2026-06-07 21:16:24,880 [INFO] Loaded 1 sender accounts.
2026-06-07 21:16:24,880 [INFO] No new emails to send.
2026-06-07 23:08:10,694 [INFO] Loaded 1 sender accounts.
2026-06-07 23:08:10,694 [INFO] No new emails to send.
2026-06-08 04:16:09,217 [INFO] Loaded 1 sender accounts.
2026-06-08 04:16:09,217 [INFO] No new emails to send.
2026-06-08 09:25:01,148 [INFO] Loaded 1 sender accounts.
2026-06-08 09:25:01,148 [INFO] No new emails to send.
2026-06-08 14:11:27,817 [INFO] Loaded 1 sender accounts.
2026-06-08 14:11:27,817 [INFO] No new emails to send.
2026-06-08 17:56:39,712 [INFO] Loaded 1 sender accounts.
2026-06-08 17:56:39,713 [INFO] No new emails to send.
2026-06-08 20:26:48,481 [INFO] Loaded 1 sender accounts.
2026-06-08 20:26:48,481 [INFO] No new emails to send.
2026-06-08 22:41:10,206 [INFO] Loaded 1 sender accounts.
2026-06-08 22:41:10,207 [INFO] No new emails to send.
2026-06-09 00:08:38,401 [INFO] Loaded 1 sender accounts.
2026-06-09 00:08:38,401 [INFO] No new emails to send.
2026-06-09 05:08:40,300 [INFO] Loaded 1 sender accounts.
2026-06-09 05:08:40,300 [INFO] No new emails to send.
2026-06-09 09:50:41,368 [INFO] Loaded 1 sender accounts.
2026-06-09 09:50:41,368 [INFO] No new emails to send.
2026-06-09 12:39:51,602 [INFO] Loaded 1 sender accounts.
2026-06-09 12:39:51,602 [INFO] No new emails to send.
2026-06-09 15:57:50,253 [INFO] Loaded 1 sender accounts.
2026-06-09 15:57:50,254 [INFO] No new emails to send.
2026-06-09 18:15:52,500 [INFO] Loaded 1 sender accounts.
2026-06-09 18:15:52,501 [INFO] No new emails to send.
2026-06-09 21:00:00,378 [INFO] Loaded 1 sender accounts.
2026-06-09 21:00:00,378 [INFO] No new emails to send.
2026-06-09 22:43:56,809 [INFO] Loaded 1 sender accounts.
2026-06-09 22:43:56,809 [INFO] No new emails to send.
2026-06-10 00:17:16,871 [INFO] Loaded 1 sender accounts.
2026-06-10 00:17:16,871 [INFO] No new emails to send.
2026-06-10 05:21:30,797 [INFO] Loaded 1 sender accounts.
2026-06-10 05:21:30,797 [INFO] No new emails to send.
2026-06-10 10:06:08,770 [INFO] Loaded 1 sender accounts.
2026-06-10 10:06:08,770 [INFO] No new emails to send.
2026-06-10 14:24:58,754 [INFO] Loaded 1 sender accounts.
2026-06-10 14:24:58,754 [INFO] No new emails to send.
2026-06-10 18:01:33,020 [INFO] Loaded 1 sender accounts.
2026-06-10 18:01:33,020 [INFO] No new emails to send.
2026-06-10 21:25:39,491 [INFO] Loaded 1 sender accounts.
2026-06-10 21:25:39,491 [INFO] No new emails to send.
2026-06-10 23:26:53,706 [INFO] Loaded 1 sender accounts.
2026-06-10 23:26:53,706 [INFO] No new emails to send.
2026-06-11 04:12:24,248 [INFO] Loaded 1 sender accounts.
2026-06-11 04:12:24,248 [INFO] No new emails to send.
2026-06-11 09:13:21,754 [INFO] Loaded 1 sender accounts.
2026-06-11 09:13:21,754 [INFO] No new emails to send.
2026-06-11 14:01:55,848 [INFO] Loaded 1 sender accounts.
2026-06-11 14:01:55,849 [INFO] No new emails to send.
2026-06-11 18:17:02,506 [INFO] Loaded 1 sender accounts.
2026-06-11 18:17:02,506 [INFO] No new emails to send.
2026-06-11 21:23:08,381 [INFO] Loaded 1 sender accounts.
2026-06-11 21:23:08,381 [INFO] No new emails to send.
2026-06-11 23:25:02,908 [INFO] Loaded 1 sender accounts.
2026-06-11 23:25:02,908 [INFO] No new emails to send.
2026-06-12 04:14:21,722 [INFO] Loaded 1 sender accounts.
2026-06-12 04:14:21,722 [INFO] No new emails to send.
2026-06-12 08:59:35,868 [INFO] Loaded 1 sender accounts.
2026-06-12 08:59:35,868 [INFO] No new emails to send.
2026-06-12 12:26:50,235 [INFO] Loaded 1 sender accounts.
2026-06-12 12:26:50,236 [INFO] No new emails to send.
2026-06-12 16:20:53,165 [INFO] Loaded 1 sender accounts.
2026-06-12 16:20:53,166 [INFO] No new emails to send.
2026-06-12 19:07:28,302 [INFO] Loaded 1 sender accounts.
2026-06-12 19:07:28,303 [INFO] No new emails to send.
2026-06-12 21:48:17,566 [INFO] Loaded 1 sender accounts.
2026-06-12 21:48:17,567 [INFO] No new emails to send.
2026-06-12 23:19:55,199 [INFO] Loaded 1 sender accounts.
2026-06-12 23:19:55,199 [INFO] No new emails to send.
2026-06-13 04:01:53,419 [INFO] Loaded 1 sender accounts.
2026-06-13 04:01:53,419 [INFO] No new emails to send.
2026-06-13 08:22:15,936 [INFO] Loaded 1 sender accounts.
2026-06-13 08:22:15,937 [INFO] No new emails to send.
2026-06-13 11:16:11,846 [INFO] Loaded 1 sender accounts.
2026-06-13 11:16:11,847 [INFO] No new emails to send.
2026-06-13 14:04:45,535 [INFO] Loaded 1 sender accounts.
2026-06-13 14:04:45,535 [INFO] No new emails to send.
2026-06-13 16:15:01,313 [INFO] Loaded 1 sender accounts.
2026-06-13 16:15:01,313 [INFO] No new emails to send.
2026-06-13 18:09:18,879 [INFO] Loaded 1 sender accounts.
2026-06-13 18:09:18,880 [INFO] No new emails to send.
2026-06-13 20:17:10,544 [INFO] Loaded 1 sender accounts.
2026-06-13 20:17:10,545 [INFO] No new emails to send.
2026-06-13 22:05:49,116 [INFO] Loaded 1 sender accounts.
2026-06-13 22:05:49,116 [INFO] No new emails to send.
2026-06-14 00:09:23,361 [INFO] Loaded 1 sender accounts.
2026-06-14 00:09:23,362 [INFO] No new emails to send.
2026-06-14 05:51:05,182 [INFO] Loaded 1 sender accounts.
2026-06-14 05:51:05,183 [INFO] No new emails to send.
2026-06-14 09:38:38,973 [INFO] Loaded 1 sender accounts.
2026-06-14 09:38:38,973 [INFO] No new emails to send.
2026-06-14 11:58:47,578 [INFO] Loaded 1 sender accounts.
2026-06-14 11:58:47,579 [INFO] No new emails to send.
2026-06-14 14:22:16,472 [INFO] Loaded 1 sender accounts.
2026-06-14 14:22:16,472 [INFO] No new emails to send.
2026-06-14 16:24:18,074 [INFO] Loaded 1 sender accounts.
2026-06-14 16:24:18,074 [INFO] No new emails to send.
2026-06-14 18:15:37,185 [INFO] Loaded 1 sender accounts.
2026-06-14 18:15:37,186 [INFO] No new emails to send.
2026-06-14 20:19:30,510 [INFO] Loaded 1 sender accounts.
2026-06-14 20:19:30,510 [INFO] No new emails to send.
2026-06-14 22:13:55,363 [INFO] Loaded 1 sender accounts.
2026-06-14 22:13:55,363 [INFO] No new emails to send.
2026-06-15 00:13:33,799 [INFO] Loaded 1 sender accounts.
2026-06-15 00:13:33,799 [INFO] No new emails to send.
2026-06-15 06:27:03,174 [INFO] Loaded 1 sender accounts.
2026-06-15 06:27:03,175 [INFO] No new emails to send.
2026-06-15 13:17:29,511 [INFO] Loaded 1 sender accounts.
2026-06-15 13:17:29,512 [INFO] No new emails to send.
2026-06-15 18:30:32,121 [INFO] Loaded 1 sender accounts.
2026-06-15 18:30:32,121 [INFO] No new emails to send.
2026-06-15 21:44:56,808 [INFO] Loaded 1 sender accounts.
2026-06-15 21:44:56,808 [INFO] No new emails to send.
2026-06-15 23:47:32,844 [INFO] Loaded 1 sender accounts.
2026-06-15 23:47:32,844 [INFO] No new emails to send.
2026-06-16 04:26:57,577 [INFO] Loaded 1 sender accounts.
2026-06-16 04:26:57,577 [INFO] No new emails to send.
2026-06-16 10:10:18,078 [INFO] Loaded 1 sender accounts.
2026-06-16 10:10:18,079 [INFO] No new emails to send.
2026-06-16 15:57:14,038 [INFO] Loaded 1 sender accounts.
2026-06-16 15:57:14,038 [INFO] No new emails to send.
2026-06-16 19:43:12,957 [INFO] Loaded 1 sender accounts.
2026-06-16 19:43:12,957 [INFO] No new emails to send.
2026-06-16 22:14:29,050 [INFO] Loaded 1 sender accounts.
2026-06-16 22:14:29,051 [INFO] No new emails to send.
2026-06-17 00:19:16,604 [INFO] Loaded 1 sender accounts.
2026-06-17 00:19:16,605 [INFO] No new emails to send.
2026-06-17 06:15:08,486 [INFO] Loaded 1 sender accounts.
2026-06-17 06:15:08,487 [INFO] No new emails to send.
2026-06-17 11:50:36,127 [INFO] Loaded 1 sender accounts.
2026-06-17 11:50:36,128 [INFO] No new emails to send.
2026-06-17 15:38:47,780 [INFO] Loaded 1 sender accounts.
2026-06-17 15:38:47,780 [INFO] No new emails to send.
2026-06-17 18:21:44,962 [INFO] Loaded 1 sender accounts.
2026-06-17 18:21:44,962 [INFO] No new emails to send.
2026-06-17 21:09:42,534 [INFO] Loaded 1 sender accounts.
2026-06-17 21:09:42,535 [INFO] No new emails to send.
2026-06-17 23:27:25,056 [INFO] Loaded 1 sender accounts.
2026-06-17 23:27:25,056 [INFO] No new emails to send.
2026-06-18 04:14:21,665 [INFO] Loaded 1 sender accounts.
2026-06-18 04:14:21,665 [INFO] No new emails to send.
2026-06-18 09:16:12,356 [INFO] Loaded 1 sender accounts.
2026-06-18 09:16:12,357 [INFO] No new emails to send.
2026-06-18 12:56:03,664 [INFO] Loaded 1 sender accounts.
2026-06-18 12:56:03,664 [INFO] No new emails to send.
2026-06-18 16:36:49,701 [INFO] Loaded 1 sender accounts.
2026-06-18 16:36:49,701 [INFO] No new emails to send.
2026-06-18 19:31:12,476 [INFO] Loaded 1 sender accounts.
2026-06-18 19:31:12,477 [INFO] No new emails to send.
2026-06-18 22:12:14,553 [INFO] Loaded 1 sender accounts.
2026-06-18 22:12:14,553 [INFO] No new emails to send.
2026-06-19 01:44:13,727 [INFO] Loaded 1 sender accounts.
2026-06-19 01:44:13,727 [INFO] No new emails to send.
2026-06-19 07:09:44,439 [INFO] Loaded 1 sender accounts.
2026-06-19 07:09:44,439 [INFO] No new emails to send.
2026-06-19 12:08:41,901 [INFO] Loaded 1 sender accounts.
2026-06-19 12:08:41,901 [INFO] No new emails to send.
2026-06-19 16:06:47,752 [INFO] Loaded 1 sender accounts.
2026-06-19 16:06:47,753 [INFO] No new emails to send.
2026-06-19 18:56:55,121 [INFO] Loaded 1 sender accounts.
2026-06-19 18:56:55,122 [INFO] No new emails to send.
2026-06-19 20:40:25,963 [INFO] Loaded 1 sender accounts.
2026-06-19 20:40:25,964 [INFO] No new emails to send.
2026-06-19 22:05:39,636 [INFO] Loaded 1 sender accounts.
2026-06-19 22:05:39,637 [INFO] No new emails to send.
2026-06-20 00:10:54,092 [INFO] Loaded 1 sender accounts.
2026-06-20 00:10:54,092 [INFO] No new emails to send.
2026-06-20 05:17:08,104 [INFO] Loaded 1 sender accounts.
2026-06-20 05:17:08,105 [INFO] No new emails to send.
2026-06-20 09:19:43,279 [INFO] Loaded 1 sender accounts.
2026-06-20 09:19:43,280 [INFO] No new emails to send.
2026-06-20 11:57:52,886 [INFO] Loaded 1 sender accounts.
2026-06-20 11:57:52,887 [INFO] No new emails to send.
2026-06-20 14:23:40,577 [INFO] Loaded 1 sender accounts.
2026-06-20 14:23:40,577 [INFO] No new emails to send.
2026-06-20 16:21:14,118 [INFO] Loaded 1 sender accounts.
2026-06-20 16:21:14,119 [INFO] No new emails to send.
2026-06-20 18:14:18,053 [INFO] Loaded 1 sender accounts.
2026-06-20 18:14:18,053 [INFO] No new emails to send.
2026-06-20 20:16:48,752 [INFO] Loaded 1 sender accounts.
2026-06-20 20:16:48,752 [INFO] No new emails to send.
2026-06-20 22:10:46,518 [INFO] Loaded 1 sender accounts.
2026-06-20 22:10:46,518 [INFO] No new emails to send.
2026-06-21 00:10:03,003 [INFO] Loaded 1 sender accounts.
2026-06-21 00:10:03,004 [INFO] No new emails to send.
2026-06-21 06:04:46,705 [INFO] Loaded 1 sender accounts.
2026-06-21 06:04:46,706 [INFO] No new emails to send.
2026-06-21 10:31:52,252 [INFO] Loaded 1 sender accounts.
2026-06-21 10:31:52,252 [INFO] No new emails to send.
2026-06-21 13:08:38,247 [INFO] Loaded 1 sender accounts.
2026-06-21 13:08:38,248 [INFO] No new emails to send.
2026-06-21 15:54:28,689 [INFO] Loaded 1 sender accounts.
2026-06-21 15:54:28,689 [INFO] No new emails to send.
2026-06-21 17:41:25,254 [INFO] Loaded 1 sender accounts.
2026-06-21 17:41:25,255 [INFO] No new emails to send.
2026-06-21 19:46:23,899 [INFO] Loaded 1 sender accounts.
2026-06-21 19:46:23,899 [INFO] No new emails to send.
2026-06-21 21:16:50,982 [INFO] Loaded 1 sender accounts.
2026-06-21 21:16:50,982 [INFO] No new emails to send.
2026-06-21 23:16:39,444 [INFO] Loaded 1 sender accounts.
2026-06-21 23:16:39,445 [INFO] No new emails to send.
2026-06-22 04:43:11,056 [INFO] Loaded 1 sender accounts.
2026-06-22 04:43:11,056 [INFO] No new emails to send.
2026-06-22 10:40:59,051 [INFO] Loaded 1 sender accounts.
2026-06-22 10:40:59,051 [INFO] No new emails to send.
2026-06-22 15:54:12,972 [INFO] Loaded 1 sender accounts.
2026-06-22 15:54:12,972 [INFO] No new emails to send.
2026-06-22 19:32:00,387 [INFO] Loaded 1 sender accounts.
2026-06-22 19:32:00,388 [INFO] No new emails to send.
2026-06-22 22:04:44,408 [INFO] Loaded 1 sender accounts.
2026-06-22 22:04:44,408 [INFO] No new emails to send.
2026-06-23 00:12:11,537 [INFO] Loaded 1 sender accounts.
2026-06-23 00:12:11,538 [INFO] No new emails to send.
2026-06-23 05:03:28,903 [INFO] Loaded 1 sender accounts.
2026-06-23 05:03:28,903 [INFO] No new emails to send.
2026-06-23 09:45:24,201 [INFO] Loaded 1 sender accounts.
2026-06-23 09:45:24,201 [INFO] No new emails to send.
2026-06-23 12:34:58,147 [INFO] Loaded 1 sender accounts.
2026-06-23 12:34:58,148 [INFO] No new emails to send.
2026-06-23 15:50:28,798 [INFO] Loaded 1 sender accounts.
2026-06-23 15:50:28,799 [INFO] No new emails to send.
2026-06-23 17:58:55,742 [INFO] Loaded 1 sender accounts.
2026-06-23 17:58:55,743 [INFO] No new emails to send.
2026-06-23 20:18:11,685 [INFO] Loaded 1 sender accounts.
2026-06-23 20:18:11,685 [INFO] No new emails to send.
2026-06-23 22:15:56,360 [INFO] Loaded 1 sender accounts.
2026-06-23 22:15:56,360 [INFO] No new emails to send.
2026-06-24 00:00:27,496 [INFO] Loaded 1 sender accounts.
2026-06-24 00:00:27,496 [INFO] No new emails to send.
2026-06-24 05:02:39,919 [INFO] Loaded 1 sender accounts.
2026-06-24 05:02:39,920 [INFO] No new emails to send.
2026-06-24 09:34:52,248 [INFO] Loaded 1 sender accounts.
2026-06-24 09:34:52,248 [INFO] No new emails to send.
2026-06-24 12:20:05,181 [INFO] Loaded 1 sender accounts.
2026-06-24 12:20:05,181 [INFO] No new emails to send.
2026-06-24 15:33:14,106 [INFO] Loaded 1 sender accounts.
2026-06-24 15:33:14,107 [INFO] No new emails to send.
2026-06-24 17:56:30,216 [INFO] Loaded 1 sender accounts.
2026-06-24 17:56:30,216 [INFO] No new emails to send.
2026-06-24 19:54:21,737 [INFO] Loaded 1 sender accounts.
2026-06-24 19:54:21,737 [INFO] No new emails to send.
2026-06-24 21:25:01,713 [INFO] Loaded 1 sender accounts.
2026-06-24 21:25:01,713 [INFO] No new emails to send.
2026-06-24 23:06:07,920 [INFO] Loaded 1 sender accounts.
2026-06-24 23:06:07,920 [INFO] No new emails to send.
2026-06-25 03:51:08,670 [INFO] Loaded 1 sender accounts.
2026-06-25 03:51:08,670 [INFO] No new emails to send.
2026-06-25 07:47:41,146 [INFO] Loaded 1 sender accounts.
2026-06-25 07:47:41,147 [INFO] No new emails to send.
2026-06-25 10:44:46,284 [INFO] Loaded 1 sender accounts.
2026-06-25 10:44:46,285 [INFO] No new emails to send.
2026-06-25 13:21:13,532 [INFO] Loaded 1 sender accounts.
2026-06-25 13:21:13,532 [INFO] No new emails to send.
2026-06-25 16:27:31,797 [INFO] Loaded 1 sender accounts.
2026-06-25 16:27:31,798 [INFO] No new emails to send.
2026-06-25 19:06:49,988 [INFO] Loaded 1 sender accounts.
2026-06-25 19:06:49,988 [INFO] No new emails to send.
2026-06-25 21:45:48,641 [INFO] Loaded 1 sender accounts.
2026-06-25 21:45:48,642 [INFO] No new emails to send.
2026-06-25 23:20:42,914 [INFO] Loaded 1 sender accounts.
2026-06-25 23:20:42,915 [INFO] No new emails to send.
2026-06-26 03:57:39,754 [INFO] Loaded 1 sender accounts.
2026-06-26 03:57:39,754 [INFO] No new emails to send.
2026-06-26 07:59:07,815 [INFO] Loaded 1 sender accounts.
2026-06-26 07:59:07,815 [INFO] No new emails to send.
2026-06-26 11:11:14,529 [INFO] Loaded 1 sender accounts.
2026-06-26 11:11:14,529 [INFO] No new emails to send.
2026-06-26 14:29:31,356 [INFO] Loaded 1 sender accounts.
2026-06-26 14:29:31,356 [INFO] No new emails to send.
2026-06-26 17:01:36,936 [INFO] Loaded 1 sender accounts.
2026-06-26 17:01:36,937 [INFO] No new emails to send.
2026-06-26 19:51:45,532 [INFO] Loaded 1 sender accounts.
2026-06-26 19:51:45,532 [INFO] No new emails to send.
2026-06-26 21:20:39,238 [INFO] Loaded 1 sender accounts.
2026-06-26 21:20:39,238 [INFO] No new emails to send.
2026-06-26 23:08:52,520 [INFO] Loaded 1 sender accounts.
2026-06-26 23:08:52,520 [INFO] No new emails to send.
2026-06-27 03:40:32,800 [INFO] Loaded 1 sender accounts.
2026-06-27 03:40:32,800 [INFO] No new emails to send.
2026-06-27 06:54:09,262 [INFO] Loaded 1 sender accounts.
2026-06-27 06:54:09,263 [INFO] No new emails to send.
2026-06-27 09:29:33,598 [INFO] Loaded 1 sender accounts.
2026-06-27 09:29:33,598 [INFO] No new emails to send.
2026-06-27 11:36:28,499 [INFO] Loaded 1 sender accounts.
2026-06-27 11:36:28,500 [INFO] No new emails to send.
2026-06-27 13:47:49,534 [INFO] Loaded 1 sender accounts.
2026-06-27 13:47:49,534 [INFO] No new emails to send.
2026-06-27 15:17:09,433 [INFO] Loaded 1 sender accounts.
2026-06-27 15:17:09,434 [INFO] No new emails to send.
2026-06-27 17:12:57,294 [INFO] Loaded 1 sender accounts.
2026-06-27 17:12:57,294 [INFO] No new emails to send.
2026-06-27 19:23:57,752 [INFO] Loaded 1 sender accounts.
2026-06-27 19:23:57,752 [INFO] No new emails to send.
2026-06-27 21:06:21,805 [INFO] Loaded 1 sender accounts.
2026-06-27 21:06:21,805 [INFO] No new emails to send.
2026-06-27 23:04:04,347 [INFO] Loaded 1 sender accounts.
2026-06-27 23:04:04,347 [INFO] No new emails to send.
2026-06-28 04:04:08,852 [INFO] Loaded 1 sender accounts.
2026-06-28 04:04:08,852 [INFO] No new emails to send.
2026-06-28 08:22:32,270 [INFO] Loaded 1 sender accounts.
2026-06-28 08:22:32,270 [INFO] No new emails to send.
2026-06-28 11:09:25,934 [INFO] Loaded 1 sender accounts.
2026-06-28 11:09:25,935 [INFO] No new emails to send.
2026-06-28 13:51:32,460 [INFO] Loaded 1 sender accounts.
2026-06-28 13:51:32,461 [INFO] No new emails to send.
2026-06-28 15:19:16,145 [INFO] Loaded 1 sender accounts.
2026-06-28 15:19:16,145 [INFO] No new emails to send.
2026-06-28 17:15:30,301 [INFO] Loaded 1 sender accounts.
2026-06-28 17:15:30,301 [INFO] No new emails to send.
2026-06-28 19:24:03,850 [INFO] Loaded 1 sender accounts.
2026-06-28 19:24:03,850 [INFO] No new emails to send.
2026-06-28 21:04:25,130 [INFO] Loaded 1 sender accounts.
2026-06-28 21:04:25,130 [INFO] No new emails to send.
2026-06-28 23:04:57,094 [INFO] Loaded 1 sender accounts.
2026-06-28 23:04:57,095 [INFO] No new emails to send.
2026-06-29 04:11:13,166 [INFO] Loaded 1 sender accounts.
2026-06-29 04:11:13,167 [INFO] No new emails to send.
2026-06-29 09:27:53,097 [INFO] Loaded 1 sender accounts.
2026-06-29 09:27:53,097 [INFO] No new emails to send.
2026-06-29 14:06:12,404 [INFO] Loaded 1 sender accounts.
2026-06-29 14:06:12,405 [INFO] No new emails to send.
2026-06-29 17:39:22,417 [INFO] Loaded 1 sender accounts.
2026-06-29 17:39:22,417 [INFO] No new emails to send.
2026-06-29 20:01:01,082 [INFO] Loaded 1 sender accounts.
2026-06-29 20:01:01,082 [INFO] No new emails to send.
2026-06-29 22:09:32,313 [INFO] Loaded 1 sender accounts.
2026-06-29 22:09:32,313 [INFO] No new emails to send.
2026-06-30 00:06:25,354 [INFO] Loaded 1 sender accounts.
2026-06-30 00:06:25,354 [INFO] No new emails to send.
2026-06-30 05:06:10,725 [INFO] Loaded 1 sender accounts.
2026-06-30 05:06:10,725 [INFO] No new emails to send.
2026-06-30 09:40:52,567 [INFO] Loaded 1 sender accounts.
2026-06-30 09:40:52,567 [INFO] No new emails to send.
2026-06-30 12:11:03,361 [INFO] Loaded 1 sender accounts.
2026-06-30 12:11:03,361 [INFO] No new emails to send.
2026-06-30 15:30:37,947 [INFO] Loaded 1 sender accounts.
2026-06-30 15:30:37,948 [INFO] No new emails to send.
2026-06-30 17:57:44,020 [INFO] Loaded 1 sender accounts.
2026-06-30 17:57:44,021 [INFO] No new emails to send.
2026-06-30 20:09:41,288 [INFO] Loaded 1 sender accounts.
2026-06-30 20:09:41,289 [INFO] No new emails to send.
2026-06-30 22:16:05,279 [INFO] Loaded 1 sender accounts.
2026-06-30 22:16:05,279 [INFO] No new emails to send.
2026-07-01 00:07:11,806 [INFO] Loaded 1 sender accounts.
2026-07-01 00:07:11,807 [INFO] No new emails to send.
2026-07-01 05:22:58,040 [INFO] Loaded 1 sender accounts.
2026-07-01 05:22:58,040 [INFO] No new emails to send.
2026-07-01 09:52:28,127 [INFO] Loaded 1 sender accounts.
2026-07-01 09:52:28,128 [INFO] No new emails to send.
2026-07-01 12:35:23,648 [INFO] Loaded 1 sender accounts.
2026-07-01 12:35:23,648 [INFO] No new emails to send.
2026-07-01 15:44:00,069 [INFO] Loaded 1 sender accounts.
2026-07-01 15:44:00,069 [INFO] No new emails to send.
2026-07-01 17:58:48,831 [INFO] Loaded 1 sender accounts.
2026-07-01 17:58:48,832 [INFO] No new emails to send.
2026-07-01 20:06:19,912 [INFO] Loaded 1 sender accounts.
2026-07-01 20:06:19,912 [INFO] No new emails to send.
2026-07-01 22:19:00,717 [INFO] Loaded 1 sender accounts.
2026-07-01 22:19:00,718 [INFO] No new emails to send.
2026-07-02 00:10:33,223 [INFO] Loaded 1 sender accounts.
2026-07-02 00:10:33,224 [INFO] No new emails to send.
2026-07-02 04:59:07,199 [INFO] Loaded 1 sender accounts.
2026-07-02 04:59:07,200 [INFO] No new emails to send.
2026-07-02 08:18:46,948 [INFO] Loaded 1 sender accounts.
2026-07-02 08:18:46,948 [INFO] No new emails to send.
2026-07-02 11:35:38,801 [INFO] Loaded 1 sender accounts.
2026-07-02 11:35:38,802 [INFO] No new emails to send.
2026-07-02 14:06:52,171 [INFO] Loaded 1 sender accounts.
2026-07-02 14:06:52,172 [INFO] No new emails to send.
2026-07-02 16:51:11,229 [INFO] Loaded 1 sender accounts.
2026-07-02 16:51:11,229 [INFO] No new emails to send.
2026-07-02 18:26:16,604 [INFO] Loaded 1 sender accounts.
2026-07-02 18:26:16,604 [INFO] No new emails to send.
2026-07-02 20:20:03,731 [INFO] Loaded 1 sender accounts.
2026-07-02 20:20:03,732 [INFO] No new emails to send.
2026-07-02 22:09:17,281 [INFO] Loaded 1 sender accounts.
2026-07-02 22:09:17,281 [INFO] No new emails to send.
2026-07-03 00:08:33,046 [INFO] Loaded 1 sender accounts.
2026-07-03 00:08:33,046 [INFO] No new emails to send.
2026-07-03 04:43:06,724 [INFO] Loaded 1 sender accounts.
2026-07-03 04:43:06,724 [INFO] No new emails to send.
2026-07-03 08:11:00,748 [INFO] Loaded 1 sender accounts.
2026-07-03 08:11:00,748 [INFO] No new emails to send.
2026-07-03 11:34:21,142 [INFO] Loaded 1 sender accounts.
2026-07-03 11:34:21,142 [INFO] No new emails to send.
2026-07-03 14:10:59,941 [INFO] Loaded 1 sender accounts.
2026-07-03 14:10:59,941 [INFO] No new emails to send.
2026-07-03 16:26:50,019 [INFO] Loaded 1 sender accounts.
2026-07-03 16:26:50,019 [INFO] No new emails to send.
2026-07-03 18:14:06,121 [INFO] Loaded 1 sender accounts.
2026-07-03 18:14:06,121 [INFO] No new emails to send.
2026-07-03 20:16:03,321 [INFO] Loaded 1 sender accounts.
2026-07-03 20:16:03,322 [INFO] No new emails to send.
2026-07-03 22:06:25,696 [INFO] Loaded 1 sender accounts.
2026-07-03 22:06:25,697 [INFO] No new emails to send.
2026-07-04 00:06:47,974 [INFO] Loaded 1 sender accounts.
2026-07-04 00:06:47,974 [INFO] No new emails to send.
2026-07-04 04:36:43,433 [INFO] Loaded 1 sender accounts.
2026-07-04 04:36:43,433 [INFO] No new emails to send.
2026-07-04 07:48:21,915 [INFO] Loaded 1 sender accounts.
2026-07-04 07:48:21,915 [INFO] No new emails to send.
2026-07-04 10:12:21,109 [INFO] Loaded 1 sender accounts.
2026-07-04 10:12:21,109 [INFO] No new emails to send.
2026-07-04 12:08:18,520 [INFO] Loaded 1 sender accounts.
2026-07-04 12:08:18,520 [INFO] No new emails to send.
2026-07-04 14:39:07,121 [INFO] Loaded 1 sender accounts.
2026-07-04 14:39:07,122 [INFO] No new emails to send.
2026-07-04 16:04:51,378 [INFO] Loaded 1 sender accounts.
2026-07-04 16:04:51,378 [INFO] No new emails to send.
2026-07-04 18:03:05,941 [INFO] Loaded 1 sender accounts.
2026-07-04 18:03:05,941 [INFO] No new emails to send.
2026-07-04 20:10:39,032 [INFO] Loaded 1 sender accounts.
2026-07-04 20:10:39,032 [INFO] No new emails to send.
2026-07-04 22:00:30,307 [INFO] Loaded 1 sender accounts.
2026-07-04 22:00:30,307 [INFO] No new emails to send.
2026-07-05 00:03:18,395 [INFO] Loaded 1 sender accounts.
2026-07-05 00:03:18,395 [INFO] No new emails to send.
2026-07-05 04:57:57,942 [INFO] Loaded 1 sender accounts.
2026-07-05 04:57:57,942 [INFO] No new emails to send.
2026-07-05 08:07:35,436 [INFO] Loaded 1 sender accounts.
2026-07-05 08:07:35,436 [INFO] No new emails to send.
2026-07-05 11:05:13,979 [INFO] Loaded 1 sender accounts.
2026-07-05 11:05:13,979 [INFO] No new emails to send.
2026-07-05 13:44:44,707 [INFO] Loaded 1 sender accounts.
2026-07-05 13:44:44,707 [INFO] No new emails to send.
2026-07-05 15:14:33,230 [INFO] Loaded 1 sender accounts.
2026-07-05 15:14:33,230 [INFO] No new emails to send.
2026-07-05 17:13:59,358 [INFO] Loaded 1 sender accounts.
2026-07-05 17:13:59,358 [INFO] No new emails to send.
2026-07-05 19:20:55,104 [INFO] Loaded 1 sender accounts.
2026-07-05 19:20:55,104 [INFO] No new emails to send.
2026-07-05 21:03:24,749 [INFO] Loaded 1 sender accounts.
2026-07-05 21:03:24,749 [INFO] No new emails to send.
2026-07-05 23:02:58,740 [INFO] Loaded 1 sender accounts.
2026-07-05 23:02:58,740 [INFO] No new emails to send.
2026-07-06 03:48:04,960 [INFO] Loaded 1 sender accounts.
2026-07-06 03:48:04,960 [INFO] No new emails to send.
2026-07-06 08:22:54,858 [INFO] Loaded 1 sender accounts.
2026-07-06 08:22:54,859 [INFO] No new emails to send.
2026-07-06 12:50:06,035 [INFO] Loaded 1 sender accounts.
2026-07-06 12:50:06,036 [INFO] No new emails to send.
2026-07-06 16:22:04,670 [INFO] Loaded 1 sender accounts.
2026-07-06 16:22:04,670 [INFO] No new emails to send.
2026-07-06 18:56:01,503 [INFO] Loaded 1 sender accounts.
2026-07-06 18:56:01,503 [INFO] No new emails to send.
2026-07-06 20:53:56,769 [INFO] Loaded 1 sender accounts.
2026-07-06 20:53:56,769 [INFO] No new emails to send.
2026-07-06 22:14:38,364 [INFO] Loaded 1 sender accounts.
2026-07-06 22:14:38,364 [INFO] No new emails to send.
2026-07-07 00:09:58,027 [INFO] Loaded 1 sender accounts.
2026-07-07 00:09:58,027 [INFO] No new emails to send.
2026-07-07 04:53:46,753 [INFO] Loaded 1 sender accounts.
2026-07-07 04:53:46,753 [INFO] No new emails to send.
2026-07-07 08:24:23,932 [INFO] Loaded 1 sender accounts.
2026-07-07 08:24:23,933 [INFO] No new emails to send.
2026-07-07 11:52:33,935 [INFO] Loaded 1 sender accounts.
2026-07-07 11:52:33,935 [INFO] No new emails to send.
2026-07-07 14:40:40,032 [INFO] Loaded 1 sender accounts.
2026-07-07 14:40:40,032 [INFO] No new emails to send.
2026-07-07 17:17:51,643 [INFO] Loaded 1 sender accounts.
2026-07-07 17:17:51,644 [INFO] No new emails to send.
2026-07-07 19:58:19,058 [INFO] Loaded 1 sender accounts.
2026-07-07 19:58:19,058 [INFO] No new emails to send.
2026-07-07 21:36:40,722 [INFO] Loaded 1 sender accounts.
2026-07-07 21:36:40,722 [INFO] No new emails to send.
2026-07-07 23:03:51,955 [INFO] Loaded 1 sender accounts.
2026-07-07 23:03:51,955 [INFO] No new emails to send.
2026-07-08 02:53:23,644 [INFO] Loaded 1 sender accounts.
2026-07-08 02:53:23,644 [INFO] No new emails to send.
2026-07-08 05:54:33,492 [INFO] Loaded 1 sender accounts.
2026-07-08 05:54:33,493 [INFO] No new emails to send.
2026-07-08 08:32:25,692 [INFO] Loaded 1 sender accounts.
2026-07-08 08:32:25,692 [INFO] No new emails to send.
2026-07-08 11:07:07,787 [INFO] Loaded 1 sender accounts.
2026-07-08 11:07:07,787 [INFO] No new emails to send.
2026-07-08 14:17:20,968 [INFO] Loaded 1 sender accounts.
2026-07-08 14:17:20,968 [INFO] No new emails to send.
2026-07-08 16:40:59,640 [INFO] Loaded 1 sender accounts.
2026-07-08 16:40:59,641 [INFO] No new emails to send.
2026-07-08 18:19:45,108 [INFO] Loaded 1 sender accounts.
2026-07-08 18:19:45,108 [INFO] No new emails to send.
2026-07-08 20:21:58,046 [INFO] Loaded 1 sender accounts.
2026-07-08 20:21:58,047 [INFO] No new emails to send.
2026-07-08 22:08:59,445 [INFO] Loaded 1 sender accounts.
2026-07-08 22:08:59,445 [INFO] No new emails to send.
2026-07-09 00:12:44,488 [INFO] Loaded 1 sender accounts.
2026-07-09 00:12:44,489 [INFO] No new emails to send.
2026-07-09 04:55:08,190 [INFO] Loaded 1 sender accounts.
2026-07-09 04:55:08,191 [INFO] No new emails to send.
2026-07-09 08:35:01,790 [INFO] Loaded 1 sender accounts.
2026-07-09 08:35:01,790 [INFO] No new emails to send.
2026-07-09 12:06:08,260 [INFO] Loaded 1 sender accounts.
2026-07-09 12:06:08,260 [INFO] No new emails to send.
2026-07-09 15:57:37,383 [INFO] Loaded 1 sender accounts.
2026-07-09 15:57:37,383 [INFO] No new emails to send.
2026-07-09 18:04:21,316 [INFO] Loaded 1 sender accounts.
2026-07-09 18:04:21,316 [INFO] No new emails to send.
2026-07-09 20:47:58,984 [INFO] Loaded 1 sender accounts.
2026-07-09 20:47:58,984 [INFO] No new emails to send.
2026-07-09 22:24:03,760 [INFO] Loaded 1 sender accounts.
2026-07-09 22:24:03,760 [INFO] No new emails to send.
2026-07-10 00:06:53,045 [INFO] Loaded 1 sender accounts.
2026-07-10 00:06:53,045 [INFO] No new emails to send.
2026-07-10 04:53:40,180 [INFO] Loaded 1 sender accounts.
2026-07-10 04:53:40,180 [INFO] No new emails to send.
2026-07-10 08:24:15,093 [INFO] Loaded 1 sender accounts.
2026-07-10 08:24:15,093 [INFO] No new emails to send.
2026-07-10 11:53:55,084 [INFO] Loaded 1 sender accounts.
2026-07-10 11:53:55,084 [INFO] No new emails to send.
2026-07-10 14:31:47,346 [INFO] Loaded 1 sender accounts.
2026-07-10 14:31:47,346 [INFO] No new emails to send.
2026-07-10 16:57:29,569 [INFO] Loaded 1 sender accounts.
2026-07-10 16:57:29,569 [INFO] No new emails to send.
2026-07-10 18:26:01,725 [INFO] Loaded 1 sender accounts.
2026-07-10 18:26:01,725 [INFO] No new emails to send.
2026-07-10 20:24:38,371 [INFO] Loaded 1 sender accounts.
2026-07-10 20:24:38,372 [INFO] No new emails to send.
2026-07-10 22:05:55,958 [INFO] Loaded 1 sender accounts.
2026-07-10 22:05:55,958 [INFO] No new emails to send.
2026-07-11 00:00:05,848 [INFO] Loaded 1 sender accounts.
2026-07-11 00:00:05,849 [INFO] No new emails to send.
2026-07-11 03:33:58,125 [INFO] Loaded 1 sender accounts.
2026-07-11 03:33:58,126 [INFO] No new emails to send.
